<?xml version="1.0" encoding="utf-8"?><testsuites name="pytest tests"><testsuite name="pytest" errors="0" failures="1" skipped="0" tests="13" time="17.875" timestamp="2026-06-15T06:22:51.482271+00:00" hostname="agent-env-bbb1b2c6-3cc7-4c7d-8abf-eb0242366f89"><testcase classname="tests.test_iter5_fundamentals_news.TestAuth" name="test_login_returns_access_token" time="0.499" /><testcase classname="tests.test_iter5_fundamentals_news.TestOpportunitiesFundamentals" name="test_opportunities_first_call_returns_8_items" time="14.282" /><testcase classname="tests.test_iter5_fundamentals_news.TestOpportunitiesFundamentals" name="test_market_cap_coverage_at_least_70pct" time="0.000"><failure message="AssertionError: market_cap coverage only 25%: [('ASIANPAINT', None), ('KOTAKBANK', None), ('EICHERMOT', None), ('BAJFINANCE', 5661065740288), ('AXISBANK', None), ('BPCL', 1262976106496), ('SBIN', None), ('LT', None)]&#10;assert 0.25 &gt;= 0.7">E   AssertionError: market_cap coverage only 25%: [('ASIANPAINT', None), ('KOTAKBANK', None), ('EICHERMOT', None), ('BAJFINANCE', 5661065740288), ('AXISBANK', None), ('BPCL', 1262976106496), ('SBIN', None), ('LT', None)]
    assert 0.25 &gt;= 0.7</failure></testcase><testcase classname="tests.test_iter5_fundamentals_news.TestOpportunitiesFundamentals" name="test_shareholding_coverage_at_least_50pct" time="0.000" /><testcase classname="tests.test_iter5_fundamentals_news.TestOpportunitiesFundamentals" name="test_original_fields_still_present" time="0.000" /><testcase classname="tests.test_iter5_fundamentals_news.TestOpportunitiesFundamentals" name="test_opportunities_second_call_cache_under_3s" time="1.552" /><testcase classname="tests.test_iter5_fundamentals_news.TestNewsImpactAI" name="test_news_impact_requires_auth" time="0.116" /><testcase classname="tests.test_iter5_fundamentals_news.TestNewsImpactAI" name="test_news_impact_ai_true_returns_mixed" time="0.045" /><testcase classname="tests.test_iter5_fundamentals_news.TestNewsImpactAI" name="test_news_impact_ai_false" time="0.042" /><testcase classname="tests.test_iter5_fundamentals_news.TestNewsImpactAI" name="test_news_impact_second_call_cache_under_10s" time="0.045" /><testcase classname="tests.test_iter5_fundamentals_news.TestRegressions" name="test_portfolio_summary_no_fake_data" time="0.058" /><testcase classname="tests.test_iter5_fundamentals_news.TestRegressions" name="test_ai_models_providers_list" time="0.040" /><testcase classname="tests.test_iter5_fundamentals_news.TestRegressions" name="test_ai_models_full_crud_anthropic" time="1.099" /></testsuite></testsuites>