<?xml version="1.0" encoding="utf-8"?><testsuites name="pytest tests"><testsuite name="pytest" errors="0" failures="0" skipped="0" tests="15" time="10.289" timestamp="2026-06-15T06:03:58.891567+00:00" hostname="agent-env-bbb1b2c6-3cc7-4c7d-8abf-eb0242366f89"><testcase classname="tests.test_iter3_audit.TestAuth" name="test_login_demo" time="0.322" /><testcase classname="tests.test_iter3_audit.TestAIModels" name="test_providers_list" time="0.043" /><testcase classname="tests.test_iter3_audit.TestAIModels" name="test_initial_list_empty" time="0.355" /><testcase classname="tests.test_iter3_audit.TestAIModels" name="test_full_ai_model_lifecycle" time="1.106" /><testcase classname="tests.test_iter3_audit.TestOpportunities" name="test_opportunities_list" time="7.515" /><testcase classname="tests.test_iter3_audit.TestNewsImpact" name="test_news_impact" time="0.045" /><testcase classname="tests.test_iter3_audit.TestPortfolioNoLiveData" name="test_summary_no_live_data" time="0.051" /><testcase classname="tests.test_iter3_audit.TestPortfolioNoLiveData" name="test_positions_empty" time="0.045" /><testcase classname="tests.test_iter3_audit.TestPortfolioNoLiveData" name="test_funds_no_live_data" time="0.046" /><testcase classname="tests.test_iter3_audit.TestMarket" name="test_indices" time="0.280" /><testcase classname="tests.test_iter3_audit.TestMarket" name="test_quote_reliance" time="0.217" /><testcase classname="tests.test_iter3_audit.TestNews" name="test_news_list" time="0.042" /><testcase classname="tests.test_iter3_audit.TestNews" name="test_news_screener" time="0.041" /><testcase classname="tests.test_iter3_audit.TestRemoved" name="test_geo_monitor_removed" time="0.039" /><testcase classname="tests.test_iter3_audit.TestRemoved" name="test_geo_monitor_history_removed" time="0.041" /></testsuite></testsuites>