<?xml version="1.0" encoding="utf-8"?><testsuites name="pytest tests"><testsuite name="pytest" errors="0" failures="0" skipped="0" tests="33" time="45.509" timestamp="2026-06-15T10:20:13.424815+00:00" hostname="agent-env-5e0d847d-b059-4b8e-9818-9c3a87b9ce69"><testcase classname="tests.test_iter10_ai_brain.TestAIBrainDeploy" name="test_status_before_deploy" time="0.460" /><testcase classname="tests.test_iter10_ai_brain.TestAIBrainDeploy" name="test_deploy_ai_brain_returns_201" time="0.110" /><testcase classname="tests.test_iter10_ai_brain.TestAIBrainDeploy" name="test_status_after_deploy" time="35.264" /><testcase classname="tests.test_iter10_ai_brain.TestAIBrainDeploy" name="test_validation_empty_symbols" time="0.098" /><testcase classname="tests.test_iter10_ai_brain.TestAIBrainDeploy" name="test_validation_bad_timeframe" time="0.095" /><testcase classname="tests.test_iter10_ai_brain.TestAIBrainDeploy" name="test_validation_bad_mode" time="0.093" /><testcase classname="tests.test_iter10_ai_brain.TestRegression" name="test_quick_start_trend_following" time="1.716" /><testcase classname="tests.test_iter10_ai_brain.TestRegression" name="test_auto_trade_stop" time="0.097" /><testcase classname="tests.test_iter10_ai_brain.TestRegression" name="test_auto_trade_start_paper" time="0.096" /><testcase classname="tests.test_iter10_ai_brain.TestRegression" name="test_risk_config_persistence" time="0.191" /><testcase classname="tests.test_iter10_ai_brain.TestRegression" name="test_positions_endpoint" time="0.096" /><testcase classname="tests.test_iter10_ai_brain.TestRegression" name="test_activity_endpoint" time="0.090" /><testcase classname="tests.test_iter10_ai_brain.TestAIBrainUnit" name="test_rule_based_fallback_min_history" time="0.462" /><testcase classname="tests.test_iter10_ai_brain.TestAIBrainUnit" name="test_rr_and_confidence_enforcement" time="0.000" /><testcase classname="tests.test_iter9_opps_autotrade" name="test_watchlist_list" time="0.422" /><testcase classname="tests.test_iter9_opps_autotrade" name="test_watchlist_cleanup_pre" time="0.637" /><testcase classname="tests.test_iter9_opps_autotrade" name="test_opportunities_feed" time="1.586" /><testcase classname="tests.test_iter9_opps_autotrade" name="test_opp_watch_adds" time="0.114" /><testcase classname="tests.test_iter9_opps_autotrade" name="test_opp_watch_idempotent" time="0.100" /><testcase classname="tests.test_iter9_opps_autotrade" name="test_watchlist_contains_test_symbol" time="0.100" /><testcase classname="tests.test_iter9_opps_autotrade" name="test_opp_avoid_adds" time="0.106" /><testcase classname="tests.test_iter9_opps_autotrade" name="test_opp_avoid_idempotent" time="0.112" /><testcase classname="tests.test_iter9_opps_autotrade" name="test_opp_feed_reflects_avoided_count" time="1.626" /><testcase classname="tests.test_iter9_opps_autotrade" name="test_opp_unavoid" time="0.100" /><testcase classname="tests.test_iter9_opps_autotrade" name="test_opp_buy_creates_strategy" time="0.103" /><testcase classname="tests.test_iter9_opps_autotrade" name="test_watchlist_delete_symbol" time="0.100" /><testcase classname="tests.test_iter9_opps_autotrade" name="test_autotrade_status" time="0.094" /><testcase classname="tests.test_iter9_opps_autotrade" name="test_autotrade_start_paper" time="0.201" /><testcase classname="tests.test_iter9_opps_autotrade" name="test_autotrade_positions" time="0.099" /><testcase classname="tests.test_iter9_opps_autotrade" name="test_autotrade_activity" time="0.094" /><testcase classname="tests.test_iter9_opps_autotrade" name="test_autotrade_risk_update" time="0.192" /><testcase classname="tests.test_iter9_opps_autotrade" name="test_autotrade_stop" time="0.195" /><testcase classname="tests.test_iter9_opps_autotrade" name="test_zz_cleanup" time="0.581" /></testsuite></testsuites>