<?xml version="1.0" encoding="utf-8"?><testsuites name="pytest tests"><testsuite name="pytest" errors="0" failures="1" skipped="1" tests="16" time="95.885" timestamp="2026-06-14T19:49:26.753896+00:00" hostname="agent-env-fc7e60fe-65a9-4620-9382-a46d2d9394ee"><testcase classname="tests.test_iter2_features.TestRegression" name="test_login_ok" time="0.520" /><testcase classname="tests.test_iter2_features.TestRegression" name="test_strategy_list" time="0.102" /><testcase classname="tests.test_iter2_features.TestRegression" name="test_auto_trade_status" time="0.102" /><testcase classname="tests.test_iter2_features.TestRegression" name="test_orders_list" time="0.136" /><testcase classname="tests.test_iter2_features.TestQuickStart" name="test_quick_start_trend_following" time="14.807" /><testcase classname="tests.test_iter2_features.TestQuickStart" name="test_quick_start_all_types[mean_reversion]" time="20.391" /><testcase classname="tests.test_iter2_features.TestQuickStart" name="test_quick_start_all_types[momentum]" time="16.076" /><testcase classname="tests.test_iter2_features.TestQuickStart" name="test_quick_start_all_types[breakout]" time="16.675" /><testcase classname="tests.test_iter2_features.TestQuickStart" name="test_quick_start_all_types[swing]" time="15.056" /><testcase classname="tests.test_iter2_features.TestStreamingSSE" name="test_generate_stream_emits_status_quickly_then_result" time="11.010"><failure message="AssertionError: first status event too slow: 11.01s&#10;assert 11.008487939834595 &lt; 3.0">tests/test_iter2_features.py:169: in test_generate_stream_emits_status_quickly_then_result
    assert first_status_ts &lt; 3.0, f"first status event too slow: {first_status_ts:.2f}s"
E   AssertionError: first status event too slow: 11.01s
E   assert 11.008487939834595 &lt; 3.0</failure></testcase><testcase classname="tests.test_iter2_features.TestBacktestCache" name="test_backtest_first_then_second_call_uses_cache" time="0.263" /><testcase classname="tests.test_iter2_features.TestBacktestCache" name="test_pg_candle_cache_row_exists" time="0.166"><skipped type="pytest.skip" message="yfinance returned no data; cache row not created (synthetic path)">/app/backend/tests/test_iter2_features.py:224: yfinance returned no data; cache row not created (synthetic path)</skipped></testcase><testcase classname="tests.test_iter2_features.TestBrokers" name="test_broker_status_empty_or_list" time="0.107" /><testcase classname="tests.test_iter2_features.TestBrokers" name="test_angel_one_connect_empty_fields_400" time="0.144" /><testcase classname="tests.test_iter2_features.TestBrokers" name="test_zerodha_connect_returns_login_url" time="0.107" /><testcase classname="tests.test_iter2_features.TestBrokers" name="test_broker_debug_structure" time="0.104" /></testsuite></testsuites>