<?xml version="1.0" encoding="utf-8"?><testsuites name="pytest tests"><testsuite name="pytest" errors="0" failures="0" skipped="0" tests="3" time="20.400" timestamp="2026-06-15T10:21:29.913007+00:00" hostname="agent-env-5e0d847d-b059-4b8e-9818-9c3a87b9ce69"><testcase classname="tests.test_iter11_bugfix_verify" name="test_bug1_auto_start_starts_engine" time="15.183" /><testcase classname="tests.test_iter11_bugfix_verify" name="test_bug2_no_active_strategies_lag" time="0.126" /><testcase classname="tests.test_iter11_bugfix_verify" name="test_bug3_rule_fallback_cached" time="5.031" /></testsuite></testsuites>