<?xml version="1.0" encoding="utf-8"?><testsuites name="pytest tests"><testsuite name="pytest" errors="0" failures="0" skipped="0" tests="19" time="10.366" timestamp="2026-06-15T09:16:38.762939+00:00" hostname="agent-env-5e0d847d-b059-4b8e-9818-9c3a87b9ce69"><testcase classname="tests.test_iter9_opps_autotrade" name="test_watchlist_list" time="0.605" /><testcase classname="tests.test_iter9_opps_autotrade" name="test_watchlist_cleanup_pre" time="0.744" /><testcase classname="tests.test_iter9_opps_autotrade" name="test_opportunities_feed" time="5.162" /><testcase classname="tests.test_iter9_opps_autotrade" name="test_opp_watch_adds" time="0.127" /><testcase classname="tests.test_iter9_opps_autotrade" name="test_opp_watch_idempotent" time="0.130" /><testcase classname="tests.test_iter9_opps_autotrade" name="test_watchlist_contains_test_symbol" time="0.094" /><testcase classname="tests.test_iter9_opps_autotrade" name="test_opp_avoid_adds" time="0.134" /><testcase classname="tests.test_iter9_opps_autotrade" name="test_opp_avoid_idempotent" time="0.110" /><testcase classname="tests.test_iter9_opps_autotrade" name="test_opp_feed_reflects_avoided_count" time="1.445" /><testcase classname="tests.test_iter9_opps_autotrade" name="test_opp_unavoid" time="0.094" /><testcase classname="tests.test_iter9_opps_autotrade" name="test_opp_buy_creates_strategy" time="0.107" /><testcase classname="tests.test_iter9_opps_autotrade" name="test_watchlist_delete_symbol" time="0.098" /><testcase classname="tests.test_iter9_opps_autotrade" name="test_autotrade_status" time="0.096" /><testcase classname="tests.test_iter9_opps_autotrade" name="test_autotrade_start_paper" time="0.193" /><testcase classname="tests.test_iter9_opps_autotrade" name="test_autotrade_positions" time="0.095" /><testcase classname="tests.test_iter9_opps_autotrade" name="test_autotrade_activity" time="0.087" /><testcase classname="tests.test_iter9_opps_autotrade" name="test_autotrade_risk_update" time="0.195" /><testcase classname="tests.test_iter9_opps_autotrade" name="test_autotrade_stop" time="0.187" /><testcase classname="tests.test_iter9_opps_autotrade" name="test_zz_cleanup" time="0.578" /></testsuite></testsuites>