<?xml version="1.0" encoding="utf-8"?><testsuites name="pytest tests"><testsuite name="pytest" errors="0" failures="0" skipped="0" tests="12" time="0.900" timestamp="2026-06-15T11:06:48.799104+00:00" hostname="agent-env-8378419b-ccfc-4e09-894a-f93c445ce0ba"><testcase classname="tests.iteration_11_test.TestAuth" name="test_login_demo" time="0.243" /><testcase classname="tests.iteration_11_test.TestBacktest" name="test_strategies" time="0.005" /><testcase classname="tests.iteration_11_test.TestBacktest" name="test_run_backtest" time="0.009" /><testcase classname="tests.iteration_11_test.TestBacktest" name="test_run_backtest_invalid_interval" time="0.003" /><testcase classname="tests.iteration_11_test.TestRiskHardening" name="test_status_risk_state" time="0.003" /><testcase classname="tests.iteration_11_test.TestRiskHardening" name="test_circuit_breaker_trip_and_reset" time="0.011" /><testcase classname="tests.iteration_11_test.TestRiskHardening" name="test_kill_switch_arm_and_disarm" time="0.011" /><testcase classname="tests.iteration_11_test.TestRiskHardening" name="test_broker_recovery_reset" time="0.006" /><testcase classname="tests.iteration_11_test.TestNewsCandidates" name="test_get_candidates" time="0.003" /><testcase classname="tests.iteration_11_test.TestNewsCandidates" name="test_scan_bypass_cooldown" time="0.004" /><testcase classname="tests.iteration_11_test.TestNewsCandidates" name="test_toggle_disable_enable" time="0.513" /><testcase classname="tests.iteration_11_test.TestNewsCandidates" name="test_reset" time="0.005" /></testsuite></testsuites>