<?xml version="1.0" encoding="utf-8"?><testsuites name="pytest tests"><testsuite name="pytest" errors="0" failures="0" skipped="0" tests="20" time="11.646" timestamp="2026-06-15T07:23:51.988380+00:00" hostname="agent-env-5e0d847d-b059-4b8e-9818-9c3a87b9ce69"><testcase classname="tests.test_iter6_full_smoke" name="test_health_local" time="0.004" /><testcase classname="tests.test_iter6_full_smoke" name="test_signup_unique" time="0.326" /><testcase classname="tests.test_iter6_full_smoke" name="test_users_me" time="0.451" /><testcase classname="tests.test_iter6_full_smoke" name="test_market_indices" time="0.438" /><testcase classname="tests.test_iter6_full_smoke" name="test_market_quote" time="0.256" /><testcase classname="tests.test_iter6_full_smoke" name="test_market_candles" time="0.310" /><testcase classname="tests.test_iter6_full_smoke" name="test_market_search" time="0.100" /><testcase classname="tests.test_iter6_full_smoke" name="test_portfolio_summary_no_live" time="0.099" /><testcase classname="tests.test_iter6_full_smoke" name="test_portfolio_positions_no_live" time="0.099" /><testcase classname="tests.test_iter6_full_smoke" name="test_portfolio_funds_no_live" time="0.091" /><testcase classname="tests.test_iter6_full_smoke" name="test_orders_list" time="0.095" /><testcase classname="tests.test_iter6_full_smoke" name="test_alerts_crud" time="0.499" /><testcase classname="tests.test_iter6_full_smoke" name="test_notifications" time="0.099" /><testcase classname="tests.test_iter6_full_smoke" name="test_news_feed" time="0.101" /><testcase classname="tests.test_iter6_full_smoke" name="test_news_impact" time="0.091" /><testcase classname="tests.test_iter6_full_smoke" name="test_sentiment" time="0.088" /><testcase classname="tests.test_iter6_full_smoke" name="test_strategy_generate" time="0.104" /><testcase classname="tests.test_iter6_full_smoke" name="test_strategy_list" time="0.096" /><testcase classname="tests.test_iter6_full_smoke" name="test_opportunities" time="7.860" /><testcase classname="tests.test_iter6_full_smoke" name="test_ai_models_crud" time="0.364" /></testsuite></testsuites>