<?xml version="1.0" encoding="utf-8"?><testsuites name="pytest tests"><testsuite name="pytest" errors="0" failures="0" skipped="0" tests="20" time="12.418" timestamp="2026-06-15T07:41:01.224159+00:00" hostname="agent-env-5e0d847d-b059-4b8e-9818-9c3a87b9ce69"><testcase classname="tests.test_iter6_full_smoke" name="test_health_local" time="0.003" /><testcase classname="tests.test_iter6_full_smoke" name="test_signup_unique" time="0.358" /><testcase classname="tests.test_iter6_full_smoke" name="test_users_me" time="0.464" /><testcase classname="tests.test_iter6_full_smoke" name="test_market_indices" time="0.439" /><testcase classname="tests.test_iter6_full_smoke" name="test_market_quote" time="0.326" /><testcase classname="tests.test_iter6_full_smoke" name="test_market_candles" time="0.297" /><testcase classname="tests.test_iter6_full_smoke" name="test_market_search" time="0.087" /><testcase classname="tests.test_iter6_full_smoke" name="test_portfolio_summary_no_live" time="0.096" /><testcase classname="tests.test_iter6_full_smoke" name="test_portfolio_positions_no_live" time="0.098" /><testcase classname="tests.test_iter6_full_smoke" name="test_portfolio_funds_no_live" time="0.127" /><testcase classname="tests.test_iter6_full_smoke" name="test_orders_list" time="0.096" /><testcase classname="tests.test_iter6_full_smoke" name="test_alerts_crud" time="0.507" /><testcase classname="tests.test_iter6_full_smoke" name="test_notifications" time="0.096" /><testcase classname="tests.test_iter6_full_smoke" name="test_news_feed" time="0.526" /><testcase classname="tests.test_iter6_full_smoke" name="test_news_impact" time="0.119" /><testcase classname="tests.test_iter6_full_smoke" name="test_sentiment" time="0.269" /><testcase classname="tests.test_iter6_full_smoke" name="test_strategy_generate" time="0.093" /><testcase classname="tests.test_iter6_full_smoke" name="test_strategy_list" time="0.094" /><testcase classname="tests.test_iter6_full_smoke" name="test_opportunities" time="7.917" /><testcase classname="tests.test_iter6_full_smoke" name="test_ai_models_crud" time="0.330" /></testsuite></testsuites>