<?xml version="1.0" encoding="utf-8"?><testsuites name="pytest tests"><testsuite name="pytest" errors="0" failures="0" skipped="0" tests="14" time="38.827" timestamp="2026-06-15T10:11:49.085560+00:00" hostname="agent-env-5e0d847d-b059-4b8e-9818-9c3a87b9ce69"><testcase classname="tests.test_iter10_ai_brain.TestAIBrainDeploy" name="test_status_before_deploy" time="0.444" /><testcase classname="tests.test_iter10_ai_brain.TestAIBrainDeploy" name="test_deploy_ai_brain_returns_201" time="0.130" /><testcase classname="tests.test_iter10_ai_brain.TestAIBrainDeploy" name="test_status_after_deploy" time="35.247" /><testcase classname="tests.test_iter10_ai_brain.TestAIBrainDeploy" name="test_validation_empty_symbols" time="0.109" /><testcase classname="tests.test_iter10_ai_brain.TestAIBrainDeploy" name="test_validation_bad_timeframe" time="0.093" /><testcase classname="tests.test_iter10_ai_brain.TestAIBrainDeploy" name="test_validation_bad_mode" time="0.117" /><testcase classname="tests.test_iter10_ai_brain.TestRegression" name="test_quick_start_trend_following" time="1.587" /><testcase classname="tests.test_iter10_ai_brain.TestRegression" name="test_auto_trade_stop" time="0.099" /><testcase classname="tests.test_iter10_ai_brain.TestRegression" name="test_auto_trade_start_paper" time="0.101" /><testcase classname="tests.test_iter10_ai_brain.TestRegression" name="test_risk_config_persistence" time="0.193" /><testcase classname="tests.test_iter10_ai_brain.TestRegression" name="test_positions_endpoint" time="0.097" /><testcase classname="tests.test_iter10_ai_brain.TestRegression" name="test_activity_endpoint" time="0.087" /><testcase classname="tests.test_iter10_ai_brain.TestAIBrainUnit" name="test_rule_based_fallback_min_history" time="0.441" /><testcase classname="tests.test_iter10_ai_brain.TestAIBrainUnit" name="test_rr_and_confidence_enforcement" time="0.000" /></testsuite></testsuites>