<?xml version="1.0" encoding="utf-8"?><testsuites name="pytest tests"><testsuite name="pytest" errors="0" failures="2" skipped="0" tests="22" time="131.518" timestamp="2026-06-14T19:32:24.675332+00:00" hostname="agent-env-fc7e60fe-65a9-4620-9382-a46d2d9394ee"><testcase classname="tests.test_tradeai_backend.TestHealth" name="test_health_internal" time="0.003" /><testcase classname="tests.test_tradeai_backend.TestHealth" name="test_health_public_not_routed" time="0.168" /><testcase classname="tests.test_tradeai_backend.TestAuth" name="test_login_success" time="0.330" /><testcase classname="tests.test_tradeai_backend.TestAuth" name="test_login_invalid" time="0.270" /><testcase classname="tests.test_tradeai_backend.TestAuth" name="test_me" time="0.378" /><testcase classname="tests.test_tradeai_backend.TestStrategy" name="test_list_strategies" time="0.104" /><testcase classname="tests.test_tradeai_backend.TestStrategy" name="test_create_strategy" time="0.211" /><testcase classname="tests.test_tradeai_backend.TestStrategy" name="test_generate_strategy_ai" time="126.339"><failure message="AssertionError: 502 &lt;!DOCTYPE html&gt;&#10;  &lt;!--[if lt IE 7]&gt; &lt;html class=&quot;no-js ie6 oldie&quot; lang=&quot;en-US&quot;&gt; &lt;![endif]--&gt;&#10;  &lt;!--[if IE 7]&gt;    &lt;html class=&quot;no-js ie7 oldie&quot; lang=&quot;en-US&quot;&gt; &lt;![endif]--&gt;&#10;  &lt;!--[if IE 8]&gt;    &lt;html class=&quot;no-js ie8 oldie&quot; lang=&quot;en-US&quot;&gt; &lt;![endif]--&gt;&#10;  &lt;!--[if gt IE 8]&gt;&lt;!--&gt; &lt;html class=&quot;no-js&quot; lang=&quot;en-US&quot;&gt; &lt;!&#10;assert 502 in (200, 201)&#10; +  where 502 = &lt;Response [502]&gt;.status_code">E   AssertionError: 502 &lt;!DOCTYPE html&gt;
      &lt;!--[if lt IE 7]&gt; &lt;html class="no-js ie6 oldie" lang="en-US"&gt; &lt;![endif]--&gt;
      &lt;!--[if IE 7]&gt;    &lt;html class="no-js ie7 oldie" lang="en-US"&gt; &lt;![endif]--&gt;
      &lt;!--[if IE 8]&gt;    &lt;html class="no-js ie8 oldie" lang="en-US"&gt; &lt;![endif]--&gt;
      &lt;!--[if gt IE 8]&gt;&lt;!--&gt; &lt;html class="no-js" lang="en-US"&gt; &lt;!
    assert 502 in (200, 201)
     +  where 502 = &lt;Response [502]&gt;.status_code</failure></testcase><testcase classname="tests.test_tradeai_backend.TestStrategy" name="test_deploy_strategy_paper" time="0.272" /><testcase classname="tests.test_tradeai_backend.TestStrategy" name="test_backtest" time="0.723"><failure message="AssertionError: 400 {&quot;detail&quot;:&quot;No candle data available for RELIANCE (1d/6mo).&quot;}&#10;assert 400 in (200, 201)&#10; +  where 400 = &lt;Response [400]&gt;.status_code">E   AssertionError: 400 {"detail":"No candle data available for RELIANCE (1d/6mo)."}
    assert 400 in (200, 201)
     +  where 400 = &lt;Response [400]&gt;.status_code</failure></testcase><testcase classname="tests.test_tradeai_backend.TestAutoTrade" name="test_status" time="0.108" /><testcase classname="tests.test_tradeai_backend.TestAutoTrade" name="test_start_stop" time="0.314" /><testcase classname="tests.test_tradeai_backend.TestAutoTrade" name="test_positions" time="0.106" /><testcase classname="tests.test_tradeai_backend.TestAutoTrade" name="test_activity" time="0.109" /><testcase classname="tests.test_tradeai_backend.TestAutoTrade" name="test_risk_get_and_update" time="0.349" /><testcase classname="tests.test_tradeai_backend.TestMarket" name="test_quote" time="0.293" /><testcase classname="tests.test_tradeai_backend.TestPortfolio" name="test_summary" time="0.516" /><testcase classname="tests.test_tradeai_backend.TestNews" name="test_news" time="0.107" /><testcase classname="tests.test_tradeai_backend.TestSentiment" name="test_sentiment" time="0.100" /><testcase classname="tests.test_tradeai_backend.TestAlerts" name="test_list_alerts" time="0.112" /><testcase classname="tests.test_tradeai_backend.TestAlerts" name="test_create_alert" time="0.428" /><testcase classname="tests.test_tradeai_backend.TestOrders" name="test_list_orders" time="0.108" /></testsuite></testsuites>